<?xml version="1.0" encoding="UTF-8"?>
<!-- Generated by org.testng.reporters.JUnitReportReporter -->
<testsuite hostname="L-000857" name="test.login.TestAnnotations" tests="1" failures="0" timestamp="10 Aug 2016 10:03:04 GMT" time="6.928" errors="0">
  <testcase name="NeuspesnoLogovanje" time="6.928" classname="test.login.TestAnnotations"/>
</testsuite> <!-- test.login.TestAnnotations -->
