<?xml version="1.0" encoding="UTF-8"?>
<!-- Generated by org.testng.reporters.JUnitReportReporter -->
<testsuite skipped="0" hostname="L-000857" name="Test1.MyAccount" tests="2" failures="0" timestamp="12 Aug 2016 12:24:38 GMT" time="0.314" errors="0">
  <testcase name="test2" time="0.235" classname="Test1.MyAccount"/>
  <testcase name="test1" time="0.079" classname="Test1.MyAccount"/>
</testsuite> <!-- Test1.MyAccount -->
