<?xml version="1.0" encoding="UTF-8"?>
<!-- Generated by org.testng.reporters.JUnitReportReporter -->
<testsuite skipped="0" hostname="L-000857" name="test.login.TestAnnotations" tests="3" failures="0" timestamp="12 Aug 2016 12:23:42 GMT" time="11.015" errors="0">
  <testcase name="NeuspesnoLogovanje" time="3.783" classname="test.login.TestAnnotations"/>
  <testcase name="NeuspesnoLogovanje1" time="2.966" classname="test.login.TestAnnotations"/>
  <testcase name="UspesnoLogovanje" time="4.266" classname="test.login.TestAnnotations"/>
</testsuite> <!-- test.login.TestAnnotations -->
