<?xml version="1.0" encoding="UTF-8"?>
<!-- Generated by org.testng.reporters.JUnitReportReporter -->
<testsuite skipped="0" hostname="L-000857" name="test.WrongUser" tests="1" failures="0" timestamp="5 Aug 2016 13:31:41 GMT" time="7.785" errors="0">
  <testcase name="f" time="7.785" classname="test.WrongUser"/>
</testsuite> <!-- test.WrongUser -->
