<?xml version="1.0" encoding="UTF-8"?>
<!-- Generated by org.testng.reporters.JUnitReportReporter -->
<testsuite skipped="0" hostname="L-000857" name="test.cdd.CheckBoxFunctionality" tests="1" failures="0" timestamp="9 Aug 2016 13:24:16 GMT" time="56.390" errors="0">
  <testcase name="f" time="56.390" classname="test.cdd.CheckBoxFunctionality"/>
</testsuite> <!-- test.cdd.CheckBoxFunctionality -->
