<?xml version="1.0" encoding="UTF-8"?>
<!-- Generated by org.testng.reporters.JUnitReportReporter -->
<testsuite skipped="0" hostname="L-000857" name="test.login.TestAnnotations" tests="3" failures="0" timestamp="9 Aug 2016 13:04:42 GMT" time="18.237" errors="0">
  <testcase name="NeuspesnoLogovanje" time="5.903" classname="test.login.TestAnnotations"/>
  <testcase name="UspesnoLogovanje" time="6.819" classname="test.login.TestAnnotations"/>
  <testcase name="NeuspesnoLogovanje1" time="5.515" classname="test.login.TestAnnotations"/>
</testsuite> <!-- test.login.TestAnnotations -->
