<?xml version="1.0" encoding="UTF-8"?>
<!-- Generated by org.testng.reporters.JUnitReportReporter -->
<testsuite skipped="0" hostname="L-000857" name="test2.VerifyDescription" tests="1" failures="0" timestamp="10 Aug 2016 07:19:42 GMT" time="2.439" errors="0">
  <testcase name="verifydescription" time="2.439" classname="test2.VerifyDescription"/>
</testsuite> <!-- test2.VerifyDescription -->
