<?xml version="1.0" encoding="UTF-8"?>
<!-- Generated by org.testng.reporters.JUnitReportReporter -->
<testsuite skipped="1" hostname="L-000857" name="test.Test1" tests="1" failures="0" timestamp="4 Aug 2016 14:06:49 GMT" time="0.002" errors="0">
  <testcase name="TestGoogle" time="0.002" classname="test.Test1">
    <skipped/>
  </testcase> <!-- TestGoogle -->
</testsuite> <!-- test.Test1 -->
