<?xml version="1.0" encoding="UTF-8"?>
<!-- Generated by org.testng.reporters.JUnitReportReporter -->
<testsuite skipped="0" hostname="L-000857" name="test.cdd.CheckBoxFunctionality" tests="1" failures="0" timestamp="12 Aug 2016 12:22:36 GMT" time="36.935" errors="0">
  <testcase name="f" time="36.935" classname="test.cdd.CheckBoxFunctionality"/>
</testsuite> <!-- test.cdd.CheckBoxFunctionality -->
